<?xml version="1.0" encoding="UTF-8"?>
<testng-results skipped="0" failed="0" ignored="0" total="2" passed="2">
  <reporter-output>
  </reporter-output>
  <suite name="Default suite" duration-ms="4926" started-at="2019-03-29T14:51:22Z" finished-at="2019-03-29T14:51:27Z">
    <groups>
    </groups>
    <test name="Default test" duration-ms="4926" started-at="2019-03-29T14:51:22Z" finished-at="2019-03-29T14:51:27Z">
      <class name="getRequest.GetData">
        <test-method status="PASS" signature="testData()[pri:0, instance:getRequest.GetData@4f933fd1]" name="testData" duration-ms="4566" started-at="2019-03-29T14:51:22Z" finished-at="2019-03-29T14:51:27Z">
          <reporter-output>
          </reporter-output>
        </test-method> <!-- testData -->
        <test-method status="PASS" signature="testResponseCode()[pri:0, instance:getRequest.GetData@4f933fd1]" name="testResponseCode" duration-ms="303" started-at="2019-03-29T14:51:27Z" finished-at="2019-03-29T14:51:27Z">
          <reporter-output>
          </reporter-output>
        </test-method> <!-- testResponseCode -->
      </class> <!-- getRequest.GetData -->
    </test> <!-- Default test -->
  </suite> <!-- Default suite -->
</testng-results>
